<?xml version="1.0" encoding="UTF-8"?>
<!-- Generated by org.testng.reporters.JUnitXMLReporter -->
<testsuite ignored="0" hostname="DESKTOP-S3RV3MH" failures="0" tests="7" name="Default test" time="122.116" errors="0" timestamp="2020-10-19T20:00:23 IST">
  <testcase classname="com.atc.assignment.Test" name="Login" time="16.24"/>
  <testcase classname="com.atc.assignment.Test" name="LoginPage" time="9.025"/>
  <testcase classname="com.atc.assignment.Test" name="addNewAddress" time="7.782"/>
  <testcase classname="com.atc.assignment.Test" name="selectWoman" time="11.855"/>
  <testcase classname="com.atc.assignment.Test" name="addCartItem" time="29.801"/>
  <testcase classname="com.atc.assignment.Test" name="paymentCheckout" time="40.855"/>
  <testcase classname="com.atc.assignment.Test" name="takeScreenshotandSignOut" time="6.491"/>
</testsuite> <!-- Default test -->
