<?xml version="1.0" encoding="UTF-8"?>
<testng-results ignored="0" total="7" passed="7" failed="0" skipped="0">
  <reporter-output>
  </reporter-output>
  <suite started-at="2020-10-19T19:58:21 IST" name="Default suite" finished-at="2020-10-19T20:00:23 IST" duration-ms="122116">
    <groups>
    </groups>
    <test started-at="2020-10-19T19:58:21 IST" name="Default test" finished-at="2020-10-19T20:00:23 IST" duration-ms="122116">
      <class name="com.atc.assignment.Test">
        <test-method signature="Login()[pri:1, instance:com.atc.assignment.Test@4d5b6aac]" started-at="2020-10-19T19:58:21 IST" name="Login" finished-at="2020-10-19T19:58:38 IST" duration-ms="16240" status="PASS">
          <reporter-output>
          </reporter-output>
        </test-method> <!-- Login -->
        <test-method signature="LoginPage()[pri:2, instance:com.atc.assignment.Test@4d5b6aac]" started-at="2020-10-19T19:58:38 IST" name="LoginPage" finished-at="2020-10-19T19:58:47 IST" duration-ms="9025" status="PASS">
          <reporter-output>
          </reporter-output>
        </test-method> <!-- LoginPage -->
        <test-method signature="addNewAddress()[pri:3, instance:com.atc.assignment.Test@4d5b6aac]" started-at="2020-10-19T19:58:47 IST" name="addNewAddress" finished-at="2020-10-19T19:58:54 IST" duration-ms="7782" status="PASS">
          <reporter-output>
          </reporter-output>
        </test-method> <!-- addNewAddress -->
        <test-method signature="selectWoman()[pri:4, instance:com.atc.assignment.Test@4d5b6aac]" started-at="2020-10-19T19:58:54 IST" name="selectWoman" finished-at="2020-10-19T19:59:06 IST" duration-ms="11855" status="PASS">
          <reporter-output>
          </reporter-output>
        </test-method> <!-- selectWoman -->
        <test-method signature="addCartItem()[pri:5, instance:com.atc.assignment.Test@4d5b6aac]" started-at="2020-10-19T19:59:06 IST" name="addCartItem" finished-at="2020-10-19T19:59:36 IST" duration-ms="29801" status="PASS">
          <reporter-output>
          </reporter-output>
        </test-method> <!-- addCartItem -->
        <test-method signature="paymentCheckout()[pri:6, instance:com.atc.assignment.Test@4d5b6aac]" started-at="2020-10-19T19:59:36 IST" name="paymentCheckout" finished-at="2020-10-19T20:00:17 IST" duration-ms="40855" status="PASS">
          <reporter-output>
          </reporter-output>
        </test-method> <!-- paymentCheckout -->
        <test-method signature="takeScreenshotandSignOut()[pri:7, instance:com.atc.assignment.Test@4d5b6aac]" started-at="2020-10-19T20:00:17 IST" name="takeScreenshotandSignOut" finished-at="2020-10-19T20:00:23 IST" duration-ms="6491" status="PASS">
          <reporter-output>
          </reporter-output>
        </test-method> <!-- takeScreenshotandSignOut -->
      </class> <!-- com.atc.assignment.Test -->
    </test> <!-- Default test -->
  </suite> <!-- Default suite -->
</testng-results>
